<?xml version="1.0" encoding="UTF-8"?>
<!-- Generated by org.testng.reporters.JUnitReportReporter -->
<testsuite hostname="Aishy" failures="0" tests="3" name="com.bd.Vuecodetest.Check" time="15.629" errors="0" timestamp="2022-08-31T13:15:13 BDT" skipped="0">
  <testcase classname="com.bd.Vuecodetest.Check" name="openUrl" time="5.242"/>
  <system-out/>
  <testcase classname="com.bd.Vuecodetest.Check" name="Test" time="5.178"/>
  <system-out/>
  <testcase classname="com.bd.Vuecodetest.Check" name="Test1" time="5.209"/>
  <system-out/>
</testsuite> <!-- com.bd.Vuecodetest.Check -->
